#
# There is insufficient memory for the Java Runtime Environment to continue.
# Native memory allocation (malloc) failed to allocate 214896 bytes for Chunk::new
# Possible reasons:
#   The system is out of physical RAM or swap space
#   The process is running with CompressedOops enabled, and the Java Heap may be blocking the growth of the native heap
# Possible solutions:
#   Reduce memory load on the system
#   Increase physical memory or swap space
#   Check if swap backing store is full
#   Decrease Java heap size (-Xmx/-Xms)
#   Decrease number of Java threads
#   Decrease Java thread stack sizes (-Xss)
#   Set larger code cache with -XX:ReservedCodeCacheSize=
#   JVM is running with Unscaled Compressed Oops mode in which the Java heap is
#     placed in the first 4GB address space. The Java Heap base address is the
#     maximum limit for the native heap growth. Please use -XX:HeapBaseMinAddress
#     to set the Java Heap base and to place the Java Heap above 4GB virtual address.
# This output file may be truncated or incomplete.
#
#  Out of Memory Error (arena.cpp:189), pid=7752, tid=4928
#
# JRE version: Java(TM) SE Runtime Environment (17.0.8+9) (build 17.0.8+9-LTS-211)
# Java VM: Java HotSpot(TM) 64-Bit Server VM (17.0.8+9-LTS-211, mixed mode, sharing, tiered, compressed oops, compressed class ptrs, g1 gc, windows-amd64)
# No core dump will be written. Minidumps are not enabled by default on client versions of Windows
#

---------------  S U M M A R Y ------------

Command Line: -ea -Dfile.encoding=UTF-8 -XX:+ShowCodeDetailsInExceptionMessages org.testng.remote.RemoteTestNG -serport 5914 -protocol json -d C:\Users\HOME\eclipse-workspace\Selenium\test-output C:\Users\HOME\AppData\Local\Temp\testng-eclipse-45005610\testng-customsuite.xml

Host: Intel(R) Pentium(R) 3805U @ 1.90GHz, 2 cores, 3G,  Windows 8.1 , 64 bit Build 9600 (6.3.9600.17056)
Time: Wed Sep 20 10:51:07 2023 India Standard Time elapsed time: 21.555682 seconds (0d 0h 0m 21s)

---------------  T H R E A D  ---------------

Current thread (0x000000ba70e26fd0):  JavaThread "C2 CompilerThread0" daemon [_thread_in_native, id=4928, stack(0x000000ba756e0000,0x000000ba757e0000)]


Current CompileTask:
C2:  21555 2547       4       java.util.regex.Pattern$CharProperty::match (71 bytes)

Stack: [0x000000ba756e0000,0x000000ba757e0000]
Native frames: (J=compiled Java code, j=interpreted, Vv=VM code, C=native code)
V  [jvm.dll+0x677d0a]
V  [jvm.dll+0x7d8c54]
V  [jvm.dll+0x7da3fe]
V  [jvm.dll+0x7daa63]
V  [jvm.dll+0x245c5f]
V  [jvm.dll+0xaaa6b]
V  [jvm.dll+0xab00c]
V  [jvm.dll+0x2ab5cf]
V  [jvm.dll+0x580435]
V  [jvm.dll+0x220b22]
V  [jvm.dll+0x2199e5]
V  [jvm.dll+0x217329]
V  [jvm.dll+0x1a3af0]
V  [jvm.dll+0x2270be]
V  [jvm.dll+0x22535b]
V  [jvm.dll+0x78e7bc]
V  [jvm.dll+0x788bba]
V  [jvm.dll+0x676b35]
C  [ucrtbase.DLL+0x214c2]
C  [KERNEL32.DLL+0x16ad]
C  [ntdll.dll+0x734a5]


---------------  P R O C E S S  ---------------

Threads class SMR info:
_java_thread_list=0x000000ba76584aa0, length=23, elements={
0x000000ba55adb3e0, 0x000000ba70e047b0, 0x000000ba70e058a0, 0x000000ba70e0fd90,
0x000000ba70e11760, 0x000000ba70e14330, 0x000000ba70e1ac10, 0x000000ba70e26fd0,
0x000000ba70e27a70, 0x000000ba70e3ac30, 0x000000ba70e1b5b0, 0x000000ba70e1a740,
0x000000ba70e1ba80, 0x000000ba70e1c420, 0x000000ba70e1bf50, 0x000000ba70e1c8f0,
0x000000ba70e1cdc0, 0x000000ba70e1d290, 0x000000ba70e1d760, 0x000000ba70e1dc30,
0x000000ba76a41a10, 0x000000ba76a43220, 0x000000ba76a41ee0
}

Java Threads: ( => current thread )
  0x000000ba55adb3e0 JavaThread "main" [_thread_blocked, id=8284, stack(0x000000ba55180000,0x000000ba55280000)]
  0x000000ba70e047b0 JavaThread "Reference Handler" daemon [_thread_blocked, id=9492, stack(0x000000ba75000000,0x000000ba75100000)]
  0x000000ba70e058a0 JavaThread "Finalizer" daemon [_thread_blocked, id=9660, stack(0x000000ba75100000,0x000000ba75200000)]
  0x000000ba70e0fd90 JavaThread "Signal Dispatcher" daemon [_thread_blocked, id=4396, stack(0x000000ba752e0000,0x000000ba753e0000)]
  0x000000ba70e11760 JavaThread "Attach Listener" daemon [_thread_blocked, id=9804, stack(0x000000ba753e0000,0x000000ba754e0000)]
  0x000000ba70e14330 JavaThread "Service Thread" daemon [_thread_blocked, id=7024, stack(0x000000ba754e0000,0x000000ba755e0000)]
  0x000000ba70e1ac10 JavaThread "Monitor Deflation Thread" daemon [_thread_blocked, id=10200, stack(0x000000ba755e0000,0x000000ba756e0000)]
=>0x000000ba70e26fd0 JavaThread "C2 CompilerThread0" daemon [_thread_in_native, id=4928, stack(0x000000ba756e0000,0x000000ba757e0000)]
  0x000000ba70e27a70 JavaThread "C1 CompilerThread0" daemon [_thread_blocked, id=9984, stack(0x000000ba757e0000,0x000000ba758e0000)]
  0x000000ba70e3ac30 JavaThread "Sweeper thread" daemon [_thread_blocked, id=1984, stack(0x000000ba758e0000,0x000000ba759e0000)]
  0x000000ba70e1b5b0 JavaThread "Notification Thread" daemon [_thread_blocked, id=9172, stack(0x000000ba75de0000,0x000000ba75ee0000)]
  0x000000ba70e1a740 JavaThread "Common-Cleaner" daemon [_thread_blocked, id=7164, stack(0x000000ba75fe0000,0x000000ba760e0000)]
  0x000000ba70e1ba80 JavaThread "ForkJoinPool.commonPool-worker-1" daemon [_thread_blocked, id=10080, stack(0x000000ba77e90000,0x000000ba77f90000)]
  0x000000ba70e1c420 JavaThread "AsyncHttpClient-1-1" daemon [_thread_blocked, id=9476, stack(0x000000ba77f90000,0x000000ba78090000)]
  0x000000ba70e1bf50 JavaThread "Exec Default Executor" daemon [_thread_in_native, id=7756, stack(0x000000ba78490000,0x000000ba78590000)]
  0x000000ba70e1c8f0 JavaThread "Exec Stream Pumper" daemon [_thread_in_native, id=9712, stack(0x000000ba78590000,0x000000ba78690000)]
  0x000000ba70e1cdc0 JavaThread "Exec Stream Pumper" daemon [_thread_in_native, id=7188, stack(0x000000ba78690000,0x000000ba78790000)]
  0x000000ba70e1d290 JavaThread "Driver Service Executor" daemon [_thread_blocked, id=8076, stack(0x000000ba78790000,0x000000ba78890000)]
  0x000000ba70e1d760 JavaThread "Driver Service Executor" daemon [_thread_blocked, id=9844, stack(0x000000ba78990000,0x000000ba78a90000)]
  0x000000ba70e1dc30 JavaThread "UrlChecker-2" daemon [_thread_blocked, id=8712, stack(0x000000ba78a90000,0x000000ba78b90000)]
  0x000000ba76a41a10 JavaThread "AsyncHttpClient-1-2" daemon [_thread_in_native, id=7228, stack(0x000000ba78c90000,0x000000ba78d90000)]
  0x000000ba76a43220 JavaThread "AsyncHttpClient-1-3" daemon [_thread_in_native, id=8804, stack(0x000000ba78b90000,0x000000ba78c90000)]
  0x000000ba76a41ee0 JavaThread "AsyncHttpClient-1-4" daemon [_thread_in_native, id=9036, stack(0x000000ba795b0000,0x000000ba796b0000)]

Other Threads:
  0x000000ba70dff740 VMThread "VM Thread" [stack: 0x000000ba70ed0000,0x000000ba70fd0000] [id=9496]
  0x000000ba75a67190 WatcherThread [stack: 0x000000ba75ee0000,0x000000ba75fe0000] [id=9916]
  0x000000ba55b17740 GCTaskThread "GC Thread#0" [stack: 0x000000ba558d0000,0x000000ba559d0000] [id=9504]
  0x000000ba75b70030 GCTaskThread "GC Thread#1" [stack: 0x000000ba768e0000,0x000000ba769e0000] [id=8516]
  0x000000ba55b20f80 ConcurrentGCThread "G1 Main Marker" [stack: 0x000000ba6e6b0000,0x000000ba6e7b0000] [id=9508]
  0x000000ba55b229a0 ConcurrentGCThread "G1 Conc#0" [stack: 0x000000ba6e7b0000,0x000000ba6e8b0000] [id=9480]
  0x000000ba55b6a740 ConcurrentGCThread "G1 Refine#0" [stack: 0x000000ba70ad0000,0x000000ba70bd0000] [id=9444]
  0x000000ba55b6b160 ConcurrentGCThread "G1 Service" [stack: 0x000000ba70bd0000,0x000000ba70cd0000] [id=9500]

Threads with active compile tasks:
C2 CompilerThread0    22352 2547       4       java.util.regex.Pattern$CharProperty::match (71 bytes)

VM state: not at safepoint (normal execution)

VM Mutex/Monitor currently owned by a thread: None

Heap address: 0x00000000c1600000, size: 1002 MB, Compressed Oops mode: 32-bit

CDS archive(s) mapped at: [0x000000ba00000000-0x000000ba00bd0000-0x000000ba00bd0000), size 12386304, SharedBaseAddress: 0x000000ba00000000, ArchiveRelocationMode: 1.
Compressed class space mapped at: 0x000000ba01000000-0x000000ba41000000, reserved size: 1073741824
Narrow klass base: 0x000000ba00000000, Narrow klass shift: 0, Narrow klass range: 0x100000000

GC Precious Log:
 CPUs: 2 total, 2 available
 Memory: 4007M
 Large Page Support: Disabled
 NUMA Support: Disabled
 Compressed Oops: Enabled (32-bit)
 Heap Region Size: 1M
 Heap Min Capacity: 8M
 Heap Initial Capacity: 64M
 Heap Max Capacity: 1002M
 Pre-touch: Disabled
 Parallel Workers: 2
 Concurrent Workers: 1
 Concurrent Refinement Workers: 2
 Periodic GC: Disabled

Heap:
 garbage-first heap   total 55296K, used 26055K [0x00000000c1600000, 0x0000000100000000)
  region size 1024K, 14 young (14336K), 2 survivors (2048K)
 Metaspace       used 23078K, committed 23424K, reserved 1114112K
  class space    used 2858K, committed 3008K, reserved 1048576K

Heap Regions: E=young(eden), S=young(survivor), O=old, HS=humongous(starts), HC=humongous(continues), CS=collection set, F=free, OA=open archive, CA=closed archive, TAMS=top-at-mark-start (previous, next)
|   0|0x00000000c1600000, 0x00000000c1700000, 0x00000000c1700000|100%| O|  |TAMS 0x00000000c1700000, 0x00000000c1600000| Untracked 
|   1|0x00000000c1700000, 0x00000000c1800000, 0x00000000c1800000|100%| O|  |TAMS 0x00000000c1800000, 0x00000000c1700000| Untracked 
|   2|0x00000000c1800000, 0x00000000c1900000, 0x00000000c1900000|100%| O|  |TAMS 0x00000000c1900000, 0x00000000c1800000| Untracked 
|   3|0x00000000c1900000, 0x00000000c1a00000, 0x00000000c1a00000|100%| O|  |TAMS 0x00000000c19d3e00, 0x00000000c1900000| Untracked 
|   4|0x00000000c1a00000, 0x00000000c1b00000, 0x00000000c1b00000|100%|HS|  |TAMS 0x00000000c1b00000, 0x00000000c1a00000| Complete 
|   5|0x00000000c1b00000, 0x00000000c1c00000, 0x00000000c1c00000|100%|HC|  |TAMS 0x00000000c1c00000, 0x00000000c1b00000| Complete 
|   6|0x00000000c1c00000, 0x00000000c1d00000, 0x00000000c1d00000|100%|HC|  |TAMS 0x00000000c1d00000, 0x00000000c1c00000| Complete 
|   7|0x00000000c1d00000, 0x00000000c1e00000, 0x00000000c1e00000|100%|HC|  |TAMS 0x00000000c1e00000, 0x00000000c1d00000| Complete 
|   8|0x00000000c1e00000, 0x00000000c1f00000, 0x00000000c1f00000|100%|HC|  |TAMS 0x00000000c1f00000, 0x00000000c1e00000| Complete 
|   9|0x00000000c1f00000, 0x00000000c2000000, 0x00000000c2000000|100%| O|  |TAMS 0x00000000c1f00000, 0x00000000c1f00000| Untracked 
|  10|0x00000000c2000000, 0x00000000c2100000, 0x00000000c2100000|100%| O|  |TAMS 0x00000000c2000000, 0x00000000c2000000| Untracked 
|  11|0x00000000c2100000, 0x00000000c2200000, 0x00000000c2200000|100%| O|  |TAMS 0x00000000c2100000, 0x00000000c2100000| Untracked 
|  12|0x00000000c2200000, 0x00000000c22d2c00, 0x00000000c2300000| 82%| O|  |TAMS 0x00000000c2200000, 0x00000000c2200000| Complete 
|  13|0x00000000c2300000, 0x00000000c2300000, 0x00000000c2400000|  0%| F|  |TAMS 0x00000000c2300000, 0x00000000c2300000| Untracked 
|  14|0x00000000c2400000, 0x00000000c2400000, 0x00000000c2500000|  0%| F|  |TAMS 0x00000000c2400000, 0x00000000c2400000| Untracked 
|  15|0x00000000c2500000, 0x00000000c2500000, 0x00000000c2600000|  0%| F|  |TAMS 0x00000000c2500000, 0x00000000c2500000| Untracked 
|  16|0x00000000c2600000, 0x00000000c2600000, 0x00000000c2700000|  0%| F|  |TAMS 0x00000000c2600000, 0x00000000c2600000| Untracked 
|  17|0x00000000c2700000, 0x00000000c2700000, 0x00000000c2800000|  0%| F|  |TAMS 0x00000000c2700000, 0x00000000c2700000| Untracked 
|  18|0x00000000c2800000, 0x00000000c2800000, 0x00000000c2900000|  0%| F|  |TAMS 0x00000000c2800000, 0x00000000c2800000| Untracked 
|  19|0x00000000c2900000, 0x00000000c2900000, 0x00000000c2a00000|  0%| F|  |TAMS 0x00000000c2900000, 0x00000000c2900000| Untracked 
|  20|0x00000000c2a00000, 0x00000000c2a00000, 0x00000000c2b00000|  0%| F|  |TAMS 0x00000000c2a00000, 0x00000000c2a00000| Untracked 
|  21|0x00000000c2b00000, 0x00000000c2b00000, 0x00000000c2c00000|  0%| F|  |TAMS 0x00000000c2b00000, 0x00000000c2b00000| Untracked 
|  22|0x00000000c2c00000, 0x00000000c2c00000, 0x00000000c2d00000|  0%| F|  |TAMS 0x00000000c2c00000, 0x00000000c2c00000| Untracked 
|  23|0x00000000c2d00000, 0x00000000c2d00000, 0x00000000c2e00000|  0%| F|  |TAMS 0x00000000c2d00000, 0x00000000c2d00000| Untracked 
|  24|0x00000000c2e00000, 0x00000000c2e00000, 0x00000000c2f00000|  0%| F|  |TAMS 0x00000000c2e00000, 0x00000000c2e00000| Untracked 
|  25|0x00000000c2f00000, 0x00000000c2f00000, 0x00000000c3000000|  0%| F|  |TAMS 0x00000000c2f00000, 0x00000000c2f00000| Untracked 
|  26|0x00000000c3000000, 0x00000000c3000000, 0x00000000c3100000|  0%| F|  |TAMS 0x00000000c3000000, 0x00000000c3000000| Untracked 
|  27|0x00000000c3100000, 0x00000000c3100000, 0x00000000c3200000|  0%| F|  |TAMS 0x00000000c3100000, 0x00000000c3100000| Untracked 
|  28|0x00000000c3200000, 0x00000000c3200000, 0x00000000c3300000|  0%| F|  |TAMS 0x00000000c3200000, 0x00000000c3200000| Untracked 
|  29|0x00000000c3300000, 0x00000000c3300000, 0x00000000c3400000|  0%| F|  |TAMS 0x00000000c3300000, 0x00000000c3300000| Untracked 
|  30|0x00000000c3400000, 0x00000000c3400000, 0x00000000c3500000|  0%| F|  |TAMS 0x00000000c3400000, 0x00000000c3400000| Untracked 
|  31|0x00000000c3500000, 0x00000000c3500000, 0x00000000c3600000|  0%| F|  |TAMS 0x00000000c3500000, 0x00000000c3500000| Untracked 
|  32|0x00000000c3600000, 0x00000000c3600000, 0x00000000c3700000|  0%| F|  |TAMS 0x00000000c3600000, 0x00000000c3600000| Untracked 
|  33|0x00000000c3700000, 0x00000000c3700000, 0x00000000c3800000|  0%| F|  |TAMS 0x00000000c3700000, 0x00000000c3700000| Untracked 
|  34|0x00000000c3800000, 0x00000000c3800000, 0x00000000c3900000|  0%| F|  |TAMS 0x00000000c3800000, 0x00000000c3800000| Untracked 
|  35|0x00000000c3900000, 0x00000000c3900000, 0x00000000c3a00000|  0%| F|  |TAMS 0x00000000c3900000, 0x00000000c3900000| Untracked 
|  36|0x00000000c3a00000, 0x00000000c3a00000, 0x00000000c3b00000|  0%| F|  |TAMS 0x00000000c3a00000, 0x00000000c3a00000| Untracked 
|  37|0x00000000c3b00000, 0x00000000c3b00000, 0x00000000c3c00000|  0%| F|  |TAMS 0x00000000c3b00000, 0x00000000c3b00000| Untracked 
|  38|0x00000000c3c00000, 0x00000000c3c00000, 0x00000000c3d00000|  0%| F|  |TAMS 0x00000000c3c00000, 0x00000000c3c00000| Untracked 
|  39|0x00000000c3d00000, 0x00000000c3d00000, 0x00000000c3e00000|  0%| F|  |TAMS 0x00000000c3d00000, 0x00000000c3d00000| Untracked 
|  40|0x00000000c3e00000, 0x00000000c3e33b60, 0x00000000c3f00000| 20%| E|  |TAMS 0x00000000c3e00000, 0x00000000c3e00000| Complete 
|  41|0x00000000c3f00000, 0x00000000c4000000, 0x00000000c4000000|100%| E|CS|TAMS 0x00000000c3f00000, 0x00000000c3f00000| Complete 
|  42|0x00000000c4000000, 0x00000000c4100000, 0x00000000c4100000|100%| E|CS|TAMS 0x00000000c4000000, 0x00000000c4000000| Complete 
|  43|0x00000000c4100000, 0x00000000c4200000, 0x00000000c4200000|100%| E|CS|TAMS 0x00000000c4100000, 0x00000000c4100000| Complete 
|  44|0x00000000c4200000, 0x00000000c4300000, 0x00000000c4300000|100%| E|CS|TAMS 0x00000000c4200000, 0x00000000c4200000| Complete 
|  45|0x00000000c4300000, 0x00000000c439f200, 0x00000000c4400000| 62%| S|CS|TAMS 0x00000000c4300000, 0x00000000c4300000| Complete 
|  46|0x00000000c4400000, 0x00000000c4500000, 0x00000000c4500000|100%| S|CS|TAMS 0x00000000c4400000, 0x00000000c4400000| Complete 
|  47|0x00000000c4500000, 0x00000000c4600000, 0x00000000c4600000|100%| E|CS|TAMS 0x00000000c4500000, 0x00000000c4500000| Complete 
|  48|0x00000000c4600000, 0x00000000c4700000, 0x00000000c4700000|100%| E|CS|TAMS 0x00000000c4600000, 0x00000000c4600000| Complete 
|  49|0x00000000c4700000, 0x00000000c4800000, 0x00000000c4800000|100%| E|CS|TAMS 0x00000000c4700000, 0x00000000c4700000| Complete 
|  50|0x00000000c4800000, 0x00000000c4900000, 0x00000000c4900000|100%| E|CS|TAMS 0x00000000c4800000, 0x00000000c4800000| Complete 
|  51|0x00000000c4900000, 0x00000000c4a00000, 0x00000000c4a00000|100%| E|CS|TAMS 0x00000000c4900000, 0x00000000c4900000| Complete 
|  52|0x00000000c4a00000, 0x00000000c4b00000, 0x00000000c4b00000|100%| E|CS|TAMS 0x00000000c4a00000, 0x00000000c4a00000| Complete 
|  63|0x00000000c5500000, 0x00000000c5600000, 0x00000000c5600000|100%| E|CS|TAMS 0x00000000c5500000, 0x00000000c5500000| Complete 

Card table byte_map: [0x000000ba6c350000,0x000000ba6c550000] _byte_map_base: 0x000000ba6bd45000

Marking Bits (Prev, Next): (CMBitMap*) 0x000000ba55b17d90, (CMBitMap*) 0x000000ba55b17d50
 Prev Bits: [0x000000ba6d700000, 0x000000ba6e6a8000)
 Next Bits: [0x000000ba6c750000, 0x000000ba6d6f8000)

Polling page: 0x000000ba53bd0000

Metaspace:

Usage:
  Non-class:     19.75 MB used.
      Class:      2.79 MB used.
       Both:     22.54 MB used.

Virtual space:
  Non-class space:       64.00 MB reserved,      19.94 MB ( 31%) committed,  1 nodes.
      Class space:        1.00 GB reserved,       2.94 MB ( <1%) committed,  1 nodes.
             Both:        1.06 GB reserved,      22.88 MB (  2%) committed. 

Chunk freelists:
   Non-Class:  11.86 MB
       Class:  13.02 MB
        Both:  24.88 MB

MaxMetaspaceSize: unlimited
CompressedClassSpaceSize: 1.00 GB
Initial GC threshold: 21.00 MB
Current GC threshold: 35.12 MB
CDS: on
MetaspaceReclaimPolicy: balanced
 - commit_granule_bytes: 65536.
 - commit_granule_words: 8192.
 - virtual_space_node_default_size: 8388608.
 - enlarge_chunks_in_place: 1.
 - new_chunks_are_fully_committed: 0.
 - uncommit_free_chunks: 1.
 - use_allocation_guard: 0.
 - handle_deallocations: 1.


Internal statistics:

num_allocs_failed_limit: 3.
num_arena_births: 342.
num_arena_deaths: 0.
num_vsnodes_births: 2.
num_vsnodes_deaths: 0.
num_space_committed: 366.
num_space_uncommitted: 0.
num_chunks_returned_to_freelist: 3.
num_chunks_taken_from_freelist: 951.
num_chunk_merges: 0.
num_chunk_splits: 647.
num_chunks_enlarged: 482.
num_purges: 0.
num_inconsistent_stats: 0.

CodeHeap 'non-profiled nmethods': size=120064Kb used=914Kb max_used=914Kb free=119149Kb
 bounds [0x000000ba64e10000, 0x000000ba65080000, 0x000000ba6c350000]
CodeHeap 'profiled nmethods': size=120000Kb used=5026Kb max_used=5026Kb free=114973Kb
 bounds [0x000000ba5d350000, 0x000000ba5d840000, 0x000000ba64880000]
CodeHeap 'non-nmethods': size=5696Kb used=1285Kb max_used=1301Kb free=4411Kb
 bounds [0x000000ba64880000, 0x000000ba64af0000, 0x000000ba64e10000]
 total_blobs=3173 nmethods=2573 adapters=513
 compilation: enabled
              stopped_count=0, restarted_count=0
 full_count=0

Compilation events (20 events):
Event: 21.211 Thread 0x000000ba70e26fd0 nmethod 2546 0x000000ba64ef2610 code [0x000000ba64ef2820, 0x000000ba64ef30f8]
Event: 21.211 Thread 0x000000ba70e26fd0 2553       4       java.lang.Character::isHighSurrogate (18 bytes)
Event: 21.211 Thread 0x000000ba70e26fd0 nmethod 2553 0x000000ba64ef3890 code [0x000000ba64ef3a00, 0x000000ba64ef3a78]
Event: 21.211 Thread 0x000000ba70e26fd0 2554       4       java.lang.Character::charCount (12 bytes)
Event: 21.211 Thread 0x000000ba70e26fd0 nmethod 2554 0x000000ba64ef3b90 code [0x000000ba64ef3d00, 0x000000ba64ef3d78]
Event: 21.211 Thread 0x000000ba70e26fd0 2552       4       java.util.regex.Pattern$BmpCharPredicate$$Lambda$22/0x80000002b::is (15 bytes)
Event: 21.213 Thread 0x000000ba70e27a70 nmethod 2557 0x000000ba5d828690 code [0x000000ba5d828b40, 0x000000ba5d82b908]
Event: 21.213 Thread 0x000000ba70e27a70 2558       3       java.util.concurrent.ConcurrentHashMap::<init> (73 bytes)
Event: 21.214 Thread 0x000000ba70e27a70 nmethod 2558 0x000000ba5d82c390 code [0x000000ba5d82c5a0, 0x000000ba5d82cb18]
Event: 21.214 Thread 0x000000ba70e27a70 2559       3       java.util.concurrent.ConcurrentHashMap::<init> (9 bytes)
Event: 21.214 Thread 0x000000ba70e27a70 nmethod 2559 0x000000ba5d82cc90 code [0x000000ba5d82ce60, 0x000000ba5d82cfa8]
Event: 21.215 Thread 0x000000ba70e26fd0 nmethod 2552 0x000000ba64ef3e90 code [0x000000ba64ef4040, 0x000000ba64ef42f8]
Event: 21.215 Thread 0x000000ba70e26fd0 2547       4       java.util.regex.Pattern$CharProperty::match (71 bytes)
Event: 21.217 Thread 0x000000ba70e27a70 2561       3       sun.nio.fs.NativeBuffers::getNativeBufferFromCache (51 bytes)
Event: 21.218 Thread 0x000000ba70e27a70 nmethod 2561 0x000000ba5d82d090 code [0x000000ba5d82d280, 0x000000ba5d82d8c8]
Event: 21.218 Thread 0x000000ba70e27a70 2562       3       sun.nio.fs.NativeBuffer::release (5 bytes)
Event: 21.218 Thread 0x000000ba70e27a70 nmethod 2562 0x000000ba5d82da90 code [0x000000ba5d82dc20, 0x000000ba5d82dd48]
Event: 21.250 Thread 0x000000ba70e27a70 2563       3       java.lang.StringCoding::implEncodeAsciiArray (47 bytes)
Event: 21.251 Thread 0x000000ba70e27a70 nmethod 2563 0x000000ba5d82de10 code [0x000000ba5d82dfc0, 0x000000ba5d82e218]
Event: 21.254 Thread 0x000000ba70e27a70 2564       3       sun.util.calendar.BaseCalendar::getFixedDate (324 bytes)

GC Heap History (10 events):
Event: 0.351 GC heap before
{Heap before GC invocations=0 (full 0):
 garbage-first heap   total 65536K, used 5120K [0x00000000c1600000, 0x0000000100000000)
  region size 1024K, 6 young (6144K), 0 survivors (0K)
 Metaspace       used 699K, committed 832K, reserved 1114112K
  class space    used 55K, committed 128K, reserved 1048576K
}
Event: 0.355 GC heap after
{Heap after GC invocations=1 (full 0):
 garbage-first heap   total 65536K, used 3645K [0x00000000c1600000, 0x0000000100000000)
  region size 1024K, 1 young (1024K), 1 survivors (1024K)
 Metaspace       used 699K, committed 832K, reserved 1114112K
  class space    used 55K, committed 128K, reserved 1048576K
}
Event: 0.613 GC heap before
{Heap before GC invocations=1 (full 0):
 garbage-first heap   total 65536K, used 6717K [0x00000000c1600000, 0x0000000100000000)
  region size 1024K, 4 young (4096K), 1 survivors (1024K)
 Metaspace       used 2007K, committed 2112K, reserved 1114112K
  class space    used 187K, committed 256K, reserved 1048576K
}
Event: 0.618 GC heap after
{Heap after GC invocations=2 (full 0):
 garbage-first heap   total 65536K, used 3955K [0x00000000c1600000, 0x0000000100000000)
  region size 1024K, 1 young (1024K), 1 survivors (1024K)
 Metaspace       used 2007K, committed 2112K, reserved 1114112K
  class space    used 187K, committed 256K, reserved 1048576K
}
Event: 1.527 GC heap before
{Heap before GC invocations=2 (full 0):
 garbage-first heap   total 65536K, used 12147K [0x00000000c1600000, 0x0000000100000000)
  region size 1024K, 9 young (9216K), 1 survivors (1024K)
 Metaspace       used 6023K, committed 6208K, reserved 1114112K
  class space    used 661K, committed 768K, reserved 1048576K
}
Event: 1.531 GC heap after
{Heap after GC invocations=3 (full 0):
 garbage-first heap   total 65536K, used 4900K [0x00000000c1600000, 0x0000000100000000)
  region size 1024K, 2 young (2048K), 2 survivors (2048K)
 Metaspace       used 6023K, committed 6208K, reserved 1114112K
  class space    used 661K, committed 768K, reserved 1048576K
}
Event: 6.182 GC heap before
{Heap before GC invocations=3 (full 0):
 garbage-first heap   total 65536K, used 35620K [0x00000000c1600000, 0x0000000100000000)
  region size 1024K, 32 young (32768K), 2 survivors (2048K)
 Metaspace       used 16739K, committed 17024K, reserved 1114112K
  class space    used 1998K, committed 2176K, reserved 1048576K
}
Event: 6.192 GC heap after
{Heap after GC invocations=4 (full 0):
 garbage-first heap   total 65536K, used 8015K [0x00000000c1600000, 0x0000000100000000)
  region size 1024K, 4 young (4096K), 4 survivors (4096K)
 Metaspace       used 16739K, committed 17024K, reserved 1114112K
  class space    used 1998K, committed 2176K, reserved 1048576K
}
Event: 12.741 GC heap before
{Heap before GC invocations=4 (full 0):
 garbage-first heap   total 65536K, used 29519K [0x00000000c1600000, 0x0000000100000000)
  region size 1024K, 21 young (21504K), 4 survivors (4096K)
 Metaspace       used 21237K, committed 21504K, reserved 1114112K
  class space    used 2623K, committed 2752K, reserved 1048576K
}
Event: 12.753 GC heap after
{Heap after GC invocations=5 (full 0):
 garbage-first heap   total 65536K, used 14791K [0x00000000c1600000, 0x0000000100000000)
  region size 1024K, 2 young (2048K), 2 survivors (2048K)
 Metaspace       used 21237K, committed 21504K, reserved 1114112K
  class space    used 2623K, committed 2752K, reserved 1048576K
}

Deoptimization events (20 events):
Event: 12.435 Thread 0x000000ba55adb3e0 Uncommon trap: trap_request=0xffffff45 fr.pc=0x000000ba64e8cb7c relative=0x0000000000000edc
Event: 12.435 Thread 0x000000ba55adb3e0 Uncommon trap: reason=unstable_if action=reinterpret pc=0x000000ba64e8cb7c method=java.util.concurrent.ConcurrentHashMap.putVal(Ljava/lang/Object;Ljava/lang/Object;Z)Ljava/lang/Object; @ 231 c2
Event: 12.435 Thread 0x000000ba55adb3e0 DEOPT PACKING pc=0x000000ba64e8cb7c sp=0x000000ba5527d810
Event: 12.435 Thread 0x000000ba55adb3e0 DEOPT UNPACKING pc=0x000000ba648d239d sp=0x000000ba5527d780 mode 2
Event: 12.914 Thread 0x000000ba76a41ee0 Uncommon trap: trap_request=0xffffff45 fr.pc=0x000000ba64e5a734 relative=0x0000000000000a14
Event: 12.914 Thread 0x000000ba76a41ee0 Uncommon trap: reason=unstable_if action=reinterpret pc=0x000000ba64e5a734 method=sun.security.provider.SHA.implCompress0([BI)V @ 4 c2
Event: 12.914 Thread 0x000000ba76a41ee0 DEOPT PACKING pc=0x000000ba64e5a734 sp=0x000000ba796ae490
Event: 12.914 Thread 0x000000ba76a41ee0 DEOPT UNPACKING pc=0x000000ba648d239d sp=0x000000ba796ae400 mode 2
Event: 12.915 Thread 0x000000ba76a41ee0 Uncommon trap: trap_request=0xffffff45 fr.pc=0x000000ba64ed1e50 relative=0x00000000000002b0
Event: 12.915 Thread 0x000000ba76a41ee0 Uncommon trap: reason=unstable_if action=reinterpret pc=0x000000ba64ed1e50 method=java.util.WeakHashMap.expungeStaleEntries()V @ 9 c2
Event: 12.915 Thread 0x000000ba76a41ee0 DEOPT PACKING pc=0x000000ba64ed1e50 sp=0x000000ba796aa2d0
Event: 12.915 Thread 0x000000ba76a41ee0 DEOPT UNPACKING pc=0x000000ba648d239d sp=0x000000ba796aa268 mode 2
Event: 20.694 Thread 0x000000ba55adb3e0 Uncommon trap: trap_request=0xffffff45 fr.pc=0x000000ba64e19244 relative=0x00000000000003a4
Event: 20.694 Thread 0x000000ba55adb3e0 Uncommon trap: reason=unstable_if action=reinterpret pc=0x000000ba64e19244 method=java.lang.StringLatin1.canEncode(I)Z @ 4 c2
Event: 20.694 Thread 0x000000ba55adb3e0 DEOPT PACKING pc=0x000000ba64e19244 sp=0x000000ba5527e740
Event: 20.694 Thread 0x000000ba55adb3e0 DEOPT UNPACKING pc=0x000000ba648d239d sp=0x000000ba5527e668 mode 2
Event: 20.694 Thread 0x000000ba55adb3e0 Uncommon trap: trap_request=0xffffff45 fr.pc=0x000000ba64e19b34 relative=0x0000000000000394
Event: 20.694 Thread 0x000000ba55adb3e0 Uncommon trap: reason=unstable_if action=reinterpret pc=0x000000ba64e19b34 method=java.lang.AbstractStringBuilder.isLatin1()Z @ 10 c2
Event: 20.694 Thread 0x000000ba55adb3e0 DEOPT PACKING pc=0x000000ba64e19b34 sp=0x000000ba5527e750
Event: 20.694 Thread 0x000000ba55adb3e0 DEOPT UNPACKING pc=0x000000ba648d239d sp=0x000000ba5527e6d0 mode 2

Classes unloaded (0 events):
No events

Classes redefined (0 events):
No events

Internal exceptions (20 events):
Event: 3.900 Thread 0x000000ba55adb3e0 Exception <a 'java/lang/NoSuchMethodError'{0x00000000c4af79a0}: 'java.lang.Object java.lang.invoke.DirectMethodHandle$Holder.invokeVirtual(java.lang.Object, java.lang.Object, java.lang.Object)'> (0x00000000c4af79a0) 
thrown [s\open\src\hotspot\share\interpreter\linkResolver.cpp, line 759]
Event: 4.281 Thread 0x000000ba55adb3e0 Exception <a 'java/lang/NoClassDefFoundError'{0x00000000c4538af8}> (0x00000000c4538af8) 
thrown [s\open\src\hotspot\share\oops\instanceKlass.cpp, line 1216]
Event: 4.284 Thread 0x000000ba55adb3e0 Exception <a 'java/lang/NoClassDefFoundError'{0x00000000c4545708}: org/apache/logging/log4j/spi/ExtendedLoggerWrapper> (0x00000000c4545708) 
thrown [s\open\src\hotspot\share\classfile\systemDictionary.cpp, line 245]
Event: 4.286 Thread 0x000000ba55adb3e0 Exception <a 'java/lang/NoClassDefFoundError'{0x00000000c454ffb8}: org/apache/log4j/Priority> (0x00000000c454ffb8) 
thrown [s\open\src\hotspot\share\classfile\systemDictionary.cpp, line 245]
Event: 5.071 Thread 0x000000ba55adb3e0 Exception <a 'sun/nio/fs/WindowsException'{0x00000000c4043988}> (0x00000000c4043988) 
thrown [s\open\src\hotspot\share\prims\jni.cpp, line 516]
Event: 5.119 Thread 0x000000ba55adb3e0 Exception <a 'java/lang/NoSuchMethodError'{0x00000000c4064eb8}: 'int java.lang.invoke.DirectMethodHandle$Holder.invokeStaticInit(java.lang.Object, java.lang.Object, java.lang.Object, java.lang.Object)'> (0x00000000c4064eb8) 
thrown [s\open\src\hotspot\share\interpreter\linkResolver.cpp, line 759]
Event: 6.165 Thread 0x000000ba55adb3e0 Exception <a 'java/lang/NoSuchMethodError'{0x00000000c3686260}: 'java.lang.Object java.lang.invoke.DirectMethodHandle$Holder.invokeInterface(java.lang.Object, java.lang.Object, java.lang.Object)'> (0x00000000c3686260) 
thrown [s\open\src\hotspot\share\interpreter\linkResolver.cpp, line 759]
Event: 6.165 Thread 0x000000ba55adb3e0 Exception <a 'java/lang/IncompatibleClassChangeError'{0x00000000c3689928}: Found class java.lang.Object, but interface was expected> (0x00000000c3689928) 
thrown [s\open\src\hotspot\share\interpreter\linkResolver.cpp, line 826]
Event: 6.177 Thread 0x000000ba55adb3e0 Exception <a 'java/lang/NoSuchMethodError'{0x00000000c3692030}: 'int java.lang.invoke.DirectMethodHandle$Holder.invokeSpecialIFC(java.lang.Object, java.lang.Object, java.lang.Object, java.lang.Object)'> (0x00000000c3692030) 
thrown [s\open\src\hotspot\share\interpreter\linkResolver.cpp, line 759]
Event: 7.021 Thread 0x000000ba55adb3e0 Exception <a 'java/lang/NoSuchMethodError'{0x00000000c538ddb0}: 'java.lang.Object java.lang.invoke.DirectMethodHandle$Holder.newInvokeSpecial(java.lang.Object, java.lang.Object, int, int)'> (0x00000000c538ddb0) 
thrown [s\open\src\hotspot\share\interpreter\linkResolver.cpp, line 759]
Event: 7.023 Thread 0x000000ba55adb3e0 Exception <a 'java/lang/NoSuchMethodError'{0x00000000c5398eb8}: 'void java.lang.invoke.DirectMethodHandle$Holder.invokeStatic(java.lang.Object, java.lang.Object, int)'> (0x00000000c5398eb8) 
thrown [s\open\src\hotspot\share\interpreter\linkResolver.cpp, line 759]
Event: 7.110 Thread 0x000000ba55adb3e0 Exception <a 'java/lang/NoSuchMethodError'{0x00000000c518d410}: 'int java.lang.invoke.DirectMethodHandle$Holder.invokeSpecialIFC(java.lang.Object, java.lang.Object, java.lang.Object)'> (0x00000000c518d410) 
thrown [s\open\src\hotspot\share\interpreter\linkResolver.cpp, line 759]
Event: 7.245 Thread 0x000000ba55adb3e0 Exception <a 'java/lang/NoSuchMethodError'{0x00000000c4fa1f40}: 'java.lang.Object java.lang.invoke.DirectMethodHandle$Holder.invokeVirtual(java.lang.Object, java.lang.Object, java.lang.Object, java.lang.Object)'> (0x00000000c4fa1f40) 
thrown [s\open\src\hotspot\share\interpreter\linkResolver.cpp, line 759]
Event: 7.301 Thread 0x000000ba55adb3e0 Exception <a 'java/lang/NoSuchMethodError'{0x00000000c4ea8750}: 'void java.lang.invoke.DirectMethodHandle$Holder.invokeSpecial(java.lang.Object, java.lang.Object, java.lang.Object, java.lang.Object, java.lang.Object, java.lang.Object)'> (0x00000000c4ea8750) 
thrown [s\open\src\hotspot\share\interpreter\linkResolver.cpp, line 759]
Event: 12.416 Thread 0x000000ba55adb3e0 Exception <a 'java/lang/NoSuchMethodError'{0x00000000c4797370}: 'java.lang.Object java.lang.invoke.DirectMethodHandle$Holder.invokeSpecialIFC(java.lang.Object, java.lang.Object, java.lang.Object)'> (0x00000000c4797370) 
thrown [s\open\src\hotspot\share\interpreter\linkResolver.cpp, line 759]
Event: 12.679 Thread 0x000000ba55adb3e0 Exception <a 'java/lang/NoSuchMethodError'{0x00000000c46ba6c0}: 'void java.lang.invoke.DirectMethodHandle$Holder.invokeSpecial(java.lang.Object, java.lang.Object, java.lang.Object, java.lang.Object, java.lang.Object)'> (0x00000000c46ba6c0) 
thrown [s\open\src\hotspot\share\interpreter\linkResolver.cpp, line 759]
Event: 12.914 Thread 0x000000ba76a41ee0 Implicit null exception at 0x000000ba64e59d52 to 0x000000ba64e5a718
Event: 13.887 Thread 0x000000ba55adb3e0 Exception <a 'java/lang/ClassNotFoundException'{0x00000000c49f5f00}: sun/util/logging/resources/spi/loggingProvider> (0x00000000c49f5f00) 
thrown [s\open\src\hotspot\share\classfile\systemDictionary.cpp, line 256]
Event: 13.934 Thread 0x000000ba55adb3e0 Exception <a 'java/lang/NoSuchMethodError'{0x00000000c48bdc50}: 'void java.lang.invoke.DirectMethodHandle$Holder.invokeInterface(java.lang.Object, java.lang.Object)'> (0x00000000c48bdc50) 
thrown [s\open\src\hotspot\share\interpreter\linkResolver.cpp, line 759]
Event: 21.188 Thread 0x000000ba55adb3e0 Exception <a 'java/lang/NoSuchMethodError'{0x00000000c4075018}: 'java.lang.Object java.lang.invoke.DirectMethodHandle$Holder.invokeSpecial(java.lang.Object, java.lang.Object, int, java.lang.Object, java.lang.Object)'> (0x00000000c4075018) 
thrown [s\open\src\hotspot\share\interpreter\linkResolver.cpp, line 759]

VM Operations (20 events):
Event: 11.527 Executing VM operation: Cleanup
Event: 11.527 Executing VM operation: Cleanup done
Event: 12.527 Executing VM operation: Cleanup
Event: 12.527 Executing VM operation: Cleanup done
Event: 12.741 Executing VM operation: CollectForMetadataAllocation
Event: 12.756 Executing VM operation: CollectForMetadataAllocation done
Event: 12.761 Executing VM operation: G1Concurrent
Event: 12.764 Executing VM operation: G1Concurrent done
Event: 12.773 Executing VM operation: G1Concurrent
Event: 12.773 Executing VM operation: G1Concurrent done
Event: 13.792 Executing VM operation: HandshakeAllThreads
Event: 13.792 Executing VM operation: HandshakeAllThreads done
Event: 13.792 Executing VM operation: Cleanup
Event: 13.801 Executing VM operation: Cleanup done
Event: 14.802 Executing VM operation: Cleanup
Event: 14.802 Executing VM operation: Cleanup done
Event: 19.803 Executing VM operation: Cleanup
Event: 19.803 Executing VM operation: Cleanup done
Event: 20.803 Executing VM operation: Cleanup
Event: 20.803 Executing VM operation: Cleanup done

Events (20 events):
Event: 20.712 loading class sun/util/resources/cldr/TimeZoneNames_en done
Event: 20.712 loading class sun/util/resources/cldr/TimeZoneNames_en_US
Event: 20.712 loading class sun/util/resources/cldr/TimeZoneNames_en_US done
Event: 20.714 loading class sun/util/cldr/CLDRBaseLocaleDataMetaInfo$TZCanonicalIDMapHolder
Event: 20.722 loading class sun/util/cldr/CLDRBaseLocaleDataMetaInfo$TZCanonicalIDMapHolder done
Event: 20.724 loading class sun/util/resources/TimeZoneNames
Event: 20.724 loading class sun/util/resources/TimeZoneNames done
Event: 20.724 loading class sun/util/resources/TimeZoneNames_en
Event: 20.724 loading class sun/util/resources/TimeZoneNames_en done
Event: 20.728 loading class java/text/StringCharacterIterator
Event: 20.728 loading class java/text/CharacterIterator
Event: 20.729 loading class java/text/CharacterIterator done
Event: 20.729 loading class java/text/StringCharacterIterator done
Event: 20.952 Thread 0x000000ba70e1e100 Thread exited: 0x000000ba70e1e100
Event: 20.961 loading class java/util/ComparableTimSort
Event: 20.961 loading class java/util/ComparableTimSort done
Event: 21.129 loading class java/util/Vector$Itr
Event: 21.129 loading class java/util/Vector$Itr done
Event: 21.249 loading class java/io/BufferedReader$1
Event: 21.249 loading class java/io/BufferedReader$1 done


Dynamic libraries:
0x00007ff71f400000 - 0x00007ff71f410000 	C:\Program Files\Java\jdk-17\bin\javaw.exe
0x00007fff64e50000 - 0x00007fff64ffa000 	C:\Windows\SYSTEM32\ntdll.dll
0x00007fff64940000 - 0x00007fff64a7a000 	C:\Windows\system32\KERNEL32.DLL
0x00007fff625c0000 - 0x00007fff626cf000 	C:\Windows\system32\KERNELBASE.dll
0x00007fff57530000 - 0x00007fff57549000 	C:\Program Files\Java\jdk-17\bin\jli.dll
0x00007fff57510000 - 0x00007fff5752b000 	C:\Program Files\Java\jdk-17\bin\VCRUNTIME140.dll
0x00007fff57500000 - 0x00007fff57504000 	C:\Program Files\Java\jdk-17\bin\api-ms-win-crt-stdio-l1-1-0.dll
0x00007fff51bf0000 - 0x00007fff51bf4000 	C:\Program Files\Java\jdk-17\bin\api-ms-win-crt-runtime-l1-1-0.dll
0x00007fff51be0000 - 0x00007fff51be3000 	C:\Program Files\Java\jdk-17\bin\api-ms-win-crt-environment-l1-1-0.dll
0x00007fff51bd0000 - 0x00007fff51bd5000 	C:\Program Files\Java\jdk-17\bin\api-ms-win-crt-math-l1-1-0.dll
0x00007fff51bc0000 - 0x00007fff51bc3000 	C:\Program Files\Java\jdk-17\bin\api-ms-win-crt-locale-l1-1-0.dll
0x00007fff51bb0000 - 0x00007fff51bb3000 	C:\Program Files\Java\jdk-17\bin\api-ms-win-crt-heap-l1-1-0.dll
0x00007fff63fe0000 - 0x00007fff64085000 	C:\Windows\system32\ADVAPI32.dll
0x00007fff5f6e0000 - 0x00007fff5f93a000 	C:\Windows\WinSxS\amd64_microsoft.windows.common-controls_6595b64144ccf1df_6.0.9600.17031_none_6242a4b3ecbb55a1\COMCTL32.dll
0x00007fff645a0000 - 0x00007fff64711000 	C:\Windows\system32\USER32.dll
0x00007fff5f430000 - 0x00007fff5f43a000 	C:\Windows\SYSTEM32\VERSION.dll
0x00007fff51160000 - 0x00007fff51163000 	C:\Program Files\Java\jdk-17\bin\api-ms-win-crt-filesystem-l1-1-0.dll
0x00007fff51150000 - 0x00007fff51154000 	C:\Program Files\Java\jdk-17\bin\api-ms-win-crt-string-l1-1-0.dll
0x00007fff51140000 - 0x00007fff51144000 	C:\Program Files\Java\jdk-17\bin\api-ms-win-crt-convert-l1-1-0.dll
0x00007fff64090000 - 0x00007fff64137000 	C:\Windows\system32\msvcrt.dll
0x00007fff64290000 - 0x00007fff642e7000 	C:\Windows\SYSTEM32\sechost.dll
0x00007fff64b70000 - 0x00007fff64ca6000 	C:\Windows\system32\RPCRT4.dll
0x00007fff64140000 - 0x00007fff64284000 	C:\Windows\system32\GDI32.dll
0x00007fff50bf0000 - 0x00007fff50cf0000 	C:\Program Files\Java\jdk-17\bin\ucrtbase.DLL
0x00007fff64900000 - 0x00007fff64934000 	C:\Windows\system32\IMM32.DLL
0x00007fff64cb0000 - 0x00007fff64de9000 	C:\Windows\system32\MSCTF.dll
0x00007fff51130000 - 0x00007fff5113c000 	C:\Program Files\Java\jdk-17\bin\vcruntime140_1.dll
0x00007fff50b60000 - 0x00007fff50bee000 	C:\Program Files\Java\jdk-17\bin\msvcp140.dll
0x00007fff51120000 - 0x00007fff51123000 	C:\Program Files\Java\jdk-17\bin\api-ms-win-crt-time-l1-1-0.dll
0x00007fff51110000 - 0x00007fff51113000 	C:\Program Files\Java\jdk-17\bin\api-ms-win-crt-utility-l1-1-0.dll
0x00007fff4ff80000 - 0x00007fff50b5e000 	C:\Program Files\Java\jdk-17\bin\server\jvm.dll
0x00007fff57e30000 - 0x00007fff57e39000 	C:\Windows\SYSTEM32\WSOCK32.dll
0x00007fff5c1e0000 - 0x00007fff5c1ff000 	C:\Windows\SYSTEM32\WINMM.dll
0x00007fff63f20000 - 0x00007fff63f27000 	C:\Windows\system32\PSAPI.DLL
0x00007fff628b0000 - 0x00007fff62908000 	C:\Windows\system32\WS2_32.dll
0x00007fff5c1b0000 - 0x00007fff5c1da000 	C:\Windows\SYSTEM32\WINMMBASE.dll
0x00007fff63f30000 - 0x00007fff63f39000 	C:\Windows\system32\NSI.dll
0x00007fff62570000 - 0x00007fff625ba000 	C:\Windows\SYSTEM32\cfgmgr32.dll
0x00007fff60fd0000 - 0x00007fff60ff6000 	C:\Windows\SYSTEM32\DEVOBJ.dll
0x00007fff51100000 - 0x00007fff5110a000 	C:\Program Files\Java\jdk-17\bin\jimage.dll
0x00007fff58fe0000 - 0x00007fff59168000 	C:\Windows\SYSTEM32\DBGHELP.DLL
0x00007fff4ff50000 - 0x00007fff4ff75000 	C:\Program Files\Java\jdk-17\bin\java.dll
0x00007fff2ac90000 - 0x00007fff2ad67000 	C:\Program Files\Java\jdk-17\bin\jsvml.dll
0x00007fff62b00000 - 0x00007fff63f20000 	C:\Windows\system32\SHELL32.dll
0x00007fff64720000 - 0x00007fff648f6000 	C:\Windows\SYSTEM32\combase.dll
0x00007fff64df0000 - 0x00007fff64e41000 	C:\Windows\system32\SHLWAPI.dll
0x00007fff5fb10000 - 0x00007fff5fbaf000 	C:\Windows\SYSTEM32\SHCORE.dll
0x00007fff621c0000 - 0x00007fff621d4000 	C:\Windows\SYSTEM32\profapi.dll
0x00007fff4ff30000 - 0x00007fff4ff49000 	C:\Program Files\Java\jdk-17\bin\net.dll
0x00007fff58d50000 - 0x00007fff58e15000 	C:\Windows\SYSTEM32\WINHTTP.dll
0x00007fff61a20000 - 0x00007fff61a78000 	C:\Windows\system32\mswsock.dll
0x00007fff4ff10000 - 0x00007fff4ff26000 	C:\Program Files\Java\jdk-17\bin\nio.dll
0x00007fff4fef0000 - 0x00007fff4ff08000 	C:\Program Files\Java\jdk-17\bin\zip.dll
0x00007fff61830000 - 0x00007fff618d3000 	C:\Windows\SYSTEM32\DNSAPI.dll
0x00007fff57b50000 - 0x00007fff57b59000 	C:\Windows\System32\rasadhlp.dll
0x00007fff5ba40000 - 0x00007fff5baa8000 	C:\Windows\System32\fwpuclnt.dll
0x00007fff61a80000 - 0x00007fff61a9e000 	C:\Windows\SYSTEM32\CRYPTSP.dll
0x00007fff616c0000 - 0x00007fff616f5000 	C:\Windows\system32\rsaenh.dll
0x00007fff61cb0000 - 0x00007fff61cd6000 	C:\Windows\SYSTEM32\bcrypt.dll
0x00007fff617d0000 - 0x00007fff617ee000 	C:\Windows\SYSTEM32\USERENV.dll
0x00007fff61fd0000 - 0x00007fff62030000 	C:\Windows\system32\bcryptprimitives.dll
0x00007fff62030000 - 0x00007fff6203a000 	C:\Windows\SYSTEM32\CRYPTBASE.dll
0x00007fff5c9d0000 - 0x00007fff5c9f9000 	C:\Windows\SYSTEM32\IPHLPAPI.DLL
0x00007fff5efe0000 - 0x00007fff5efea000 	C:\Windows\SYSTEM32\WINNSI.DLL
0x00007fff5ba00000 - 0x00007fff5ba14000 	C:\Windows\SYSTEM32\dhcpcsvc6.DLL
0x00007fff5ba20000 - 0x00007fff5ba39000 	C:\Windows\SYSTEM32\dhcpcsvc.DLL
0x00007fff510f0000 - 0x00007fff51100000 	C:\Program Files\Java\jdk-17\bin\verify.dll
0x00007fff60d80000 - 0x00007fff60e08000 	C:\Windows\system32\apphelp.dll
0x00007fff43980000 - 0x00007fff4398a000 	C:\Program Files\Java\jdk-17\bin\management.dll
0x00007fff43970000 - 0x00007fff4397b000 	C:\Program Files\Java\jdk-17\bin\management_ext.dll
0x00007fff5e150000 - 0x00007fff5e15e000 	C:\Program Files\Java\jdk-17\bin\sunmscapi.dll
0x00007fff62290000 - 0x00007fff62467000 	C:\Windows\system32\CRYPT32.dll
0x00007fff61c80000 - 0x00007fff61ca4000 	C:\Windows\SYSTEM32\ncrypt.dll
0x00007fff62270000 - 0x00007fff62282000 	C:\Windows\system32\MSASN1.dll
0x00007fff61c40000 - 0x00007fff61c7a000 	C:\Windows\SYSTEM32\NTASN1.dll
0x00007fff58f40000 - 0x00007fff58f54000 	C:\Windows\system32\napinsp.dll
0x00007fff58f20000 - 0x00007fff58f39000 	C:\Windows\system32\pnrpnsp.dll
0x00007fff5c790000 - 0x00007fff5c7a9000 	C:\Windows\system32\NLAapi.dll
0x00007fff58f10000 - 0x00007fff58f1c000 	C:\Windows\System32\winrnr.dll
0x00007fff58e80000 - 0x00007fff58e93000 	C:\Windows\system32\wshbth.dll

dbghelp: loaded successfully - version: 4.0.5 - missing functions: none
symbol engine: initialized successfully - sym options: 0x614 - pdb path: .;C:\Program Files\Java\jdk-17\bin;C:\Windows\SYSTEM32;C:\Windows\WinSxS\amd64_microsoft.windows.common-controls_6595b64144ccf1df_6.0.9600.17031_none_6242a4b3ecbb55a1;C:\Program Files\Java\jdk-17\bin\server

VM Arguments:
jvm_args: -ea -Dfile.encoding=UTF-8 -XX:+ShowCodeDetailsInExceptionMessages 
java_command: org.testng.remote.RemoteTestNG -serport 5914 -protocol json -d C:\Users\HOME\eclipse-workspace\Selenium\test-output C:\Users\HOME\AppData\Local\Temp\testng-eclipse-45005610\testng-customsuite.xml
java_class_path (initial): C:\Users\HOME\eclipse\java-2023-062\eclipse\configuration\org.eclipse.osgi\512\0\.cp\lib\testng-remote.jar;C:\Users\HOME\eclipse-workspace\Selenium\bin;C:\Users\HOME\Desktop\Selenium\Selenium Library files\selenium-api-4.12.1.jar;C:\Users\HOME\Desktop\Selenium\Selenium Library files\selenium-api-4.12.1-sources.jar;C:\Users\HOME\Desktop\Selenium\Selenium Library files\selenium-chrome-driver-4.12.1.jar;C:\Users\HOME\Desktop\Selenium\Selenium Library files\selenium-chrome-driver-4.12.1-sources.jar;C:\Users\HOME\Desktop\Selenium\Selenium Library files\selenium-chromium-driver-4.12.1.jar;C:\Users\HOME\Desktop\Selenium\Selenium Library files\selenium-chromium-driver-4.12.1-sources.jar;C:\Users\HOME\Desktop\Selenium\Selenium Library files\selenium-devtools-v85-4.12.1.jar;C:\Users\HOME\Desktop\Selenium\Selenium Library files\selenium-devtools-v85-4.12.1-sources.jar;C:\Users\HOME\Desktop\Selenium\Selenium Library files\selenium-devtools-v114-4.12.1.jar;C:\Users\HOME\Desktop\Selenium\Selenium Library files\selenium-devtools-v114-4.12.1-sources.jar;C:\Users\HOME\Desktop\Selenium\Selenium Library files\selenium-devtools-v115-4.12.1.jar;C:\Users\HOME\Desktop\Selenium\Selenium Library files\selenium-devtools-v115-4.12.1-sources.jar;C:\Users\HOME\Desktop\Selenium\Selenium Library files\selenium-devtools-v116-4.12.1.jar;C:\Users\HOME\Desktop\Selenium\Selenium Library files\selenium-devtools-v116-4.12.1-sources.jar;C:\Users\HOME\Desktop\Selenium\Selenium Library files\selenium-edge-driver-4.12.1.jar;C:\Users\HOME\Desktop\Selenium\Selenium Library files\selenium-edge-driver-4.12.1-sources.jar;C:\Users\HOME\Desktop\Selenium\Selenium Library files\selenium-firefox-driver-4.12.1.jar;C:\Users\HOME\Desktop\Selenium\Selenium Library files\selenium-firefox-driver-4.12.1-sources.jar;C:\Users\HOME\Desktop\Selenium\Selenium Library files\selenium-http-4.12.1.jar;C:\Users\HOME\Desktop\Selenium\Selenium Library files\selenium-http-4.12.1-sources.jar;C:\Users\HOME\Des
Launcher Type: SUN_STANDARD

[Global flags]
     intx CICompilerCount                          = 2                                         {product} {ergonomic}
     uint ConcGCThreads                            = 1                                         {product} {ergonomic}
     uint G1ConcRefinementThreads                  = 2                                         {product} {ergonomic}
   size_t G1HeapRegionSize                         = 1048576                                   {product} {ergonomic}
    uintx GCDrainStackTargetSize                   = 64                                        {product} {ergonomic}
   size_t InitialHeapSize                          = 67108864                                  {product} {ergonomic}
   size_t MarkStackSize                            = 4194304                                   {product} {ergonomic}
   size_t MaxHeapSize                              = 1050673152                                {product} {ergonomic}
   size_t MaxNewSize                               = 630194176                                 {product} {ergonomic}
   size_t MinHeapDeltaBytes                        = 1048576                                   {product} {ergonomic}
   size_t MinHeapSize                              = 8388608                                   {product} {ergonomic}
    uintx NonNMethodCodeHeapSize                   = 5826188                                {pd product} {ergonomic}
    uintx NonProfiledCodeHeapSize                  = 122916026                              {pd product} {ergonomic}
    uintx ProfiledCodeHeapSize                     = 122916026                              {pd product} {ergonomic}
    uintx ReservedCodeCacheSize                    = 251658240                              {pd product} {ergonomic}
     bool SegmentedCodeCache                       = true                                      {product} {ergonomic}
     bool ShowCodeDetailsInExceptionMessages       = true                                   {manageable} {command line}
   size_t SoftMaxHeapSize                          = 1050673152                             {manageable} {ergonomic}
     bool UseCompressedClassPointers               = true                           {product lp64_product} {ergonomic}
     bool UseCompressedOops                        = true                           {product lp64_product} {ergonomic}
     bool UseG1GC                                  = true                                      {product} {ergonomic}
     bool UseLargePagesIndividualAllocation        = false                                  {pd product} {ergonomic}

Logging:
Log output configuration:
 #0: stdout all=warning uptime,level,tags
 #1: stderr all=off uptime,level,tags

Environment Variables:
PATH=C:\Program Files\Common Files\Oracle\Java\javapath;C:\Program Files (x86)\VMware\VMware Workstation\bin\;C:\Windows\system32;C:\Windows;C:\Windows\System32\Wbem;C:\Windows\System32\WindowsPowerShell\v1.0\;C:\Program Files\MySQL\MySQL Server 5.5\bin
USERNAME=Vishnu
OS=Windows_NT
PROCESSOR_IDENTIFIER=Intel64 Family 6 Model 61 Stepping 4, GenuineIntel



---------------  S Y S T E M  ---------------

OS:
 Windows 8.1 , 64 bit Build 9600 (6.3.9600.17056)
OS uptime: 0 days 1:34 hours

CPU: total 2 (initial active 2) (2 cores per cpu, 1 threads per core) family 6 model 61 stepping 4 microcode 0x12, cx8, cmov, fxsr, mmx, 3dnowpref, sse, sse2, sse3, ssse3, sse4.1, sse4.2, popcnt, lzcnt, tsc, tscinvbit, erms, clmul, clflush

Memory: 4k page, system-wide physical 4007M (805M free)
TotalPageFile size 7079M (AvailPageFile size 6M)
current process WorkingSet (physical memory assigned to process): 126M, peak: 128M
current process commit charge ("private bytes"): 173M, peak: 177M

vm_info: Java HotSpot(TM) 64-Bit Server VM (17.0.8+9-LTS-211) for windows-amd64 JRE (17.0.8+9-LTS-211), built on Jun 14 2023 10:34:31 by "mach5one" with MS VC++ 17.1 (VS2022)

END.
